<?xml version="1.0" encoding="UTF-8"?>
<testsuite xmlns:xsi="http://www.w3.org/2001/XMLSchema-instance" xsi:noNamespaceSchemaLocation="https://maven.apache.org/surefire/maven-surefire-plugin/xsd/surefire-test-report.xsd" version="3.0.2" name="itss.group11.test.uc5.AllocationServiceBlackBoxTest" time="4.292" tests="5" errors="0" skipped="0" failures="0">
  <properties>
[...]
</properties>
  <testcase name="processAllocationPlan_pendingRequestWithInsufficientInventory_throwsInsufficientInventory" classname="itss.group11.test.uc5.AllocationServiceBlackBoxTest" time="4.087">
    <system-err><![CDATA[Mockito is currently self-attaching to enable the inline-mock-maker. This will no longer work in future releases of the JDK. Please add Mockito as an agent to your build what is described in Mockito's documentation: https://javadoc.io/doc/org.mockito/mockito-core/latest/org/mockito/Mockito.html#0.3
WARNING: A Java agent has been loaded dynamically (C:\Users\ADMIN\.m2\repository\net\bytebuddy\byte-buddy-agent\1.15.11\byte-buddy-agent-1.15.11.jar)
WARNING: If a serviceability tool is in use, please run with -XX:+EnableDynamicAgentLoading to hide this warning
WARNING: If a serviceability tool is not in use, please run with -Djdk.instrument.traceUsage for more information
WARNING: Dynamic loading of agents will be disallowed by default in a future release
]]></system-err>
  </testcase>
  <testcase name="processAllocationPlan_unknownRequestCode_throwsNotFoundError" classname="itss.group11.test.uc5.AllocationServiceBlackBoxTest" time="0.024"/>
  <testcase name="processAllocationPlan_validPendingRequestWithEnoughInventory_createsPurchaseOrderAndMarksRequestOrdered" classname="itss.group11.test.uc5.AllocationServiceBlackBoxTest" time="0.062"/>
  <testcase name="processAllocationPlan_nonPendingRequest_throwsInvalidStatusError" classname="itss.group11.test.uc5.AllocationServiceBlackBoxTest" time="0.019"/>
  <testcase name="processAllocationPlan_pendingRequestWithoutItems_throwsNoItemError" classname="itss.group11.test.uc5.AllocationServiceBlackBoxTest" time="0.013"/>
</testsuite>