<?xml version="1.0" encoding="UTF-8"?>
<testsuite xmlns:xsi="http://www.w3.org/2001/XMLSchema-instance" xsi:noNamespaceSchemaLocation="https://maven.apache.org/surefire/maven-surefire-plugin/xsd/surefire-test-report.xsd" version="3.0.2" name="itss.group11.test.uc6.PurchaseOrderServiceTest" time="0.489" tests="6" errors="0" skipped="0" failures="0">
  <properties>
[...]
</properties>
  <testcase name="reconcile_rejectsLineThatDoesNotBelongToOrder" classname="itss.group11.test.uc6.PurchaseOrderServiceTest" time="0.396"/>
  <testcase name="reconcile_rejectsOrderThatIsNotInTransit" classname="itss.group11.test.uc6.PurchaseOrderServiceTest" time="0.003"/>
  <testcase name="getReconciliationDetail_mapsPurchaseOrderAndLineData" classname="itss.group11.test.uc6.PurchaseOrderServiceTest" time="0.013"/>
  <testcase name="reconcile_rejectsNegativeReceivedQuantityBeforeLoadingOrder" classname="itss.group11.test.uc6.PurchaseOrderServiceTest" time="0.011"/>
  <testcase name="reconcile_whenQuantityDiffers_createsDiscrepancyReportAndAddsReceivedQuantityToInventory" classname="itss.group11.test.uc6.PurchaseOrderServiceTest" time="0.025"/>
  <testcase name="reconcile_whenQuantitiesMatch_marksReceivedAndUpdatesInventoryWithoutReport" classname="itss.group11.test.uc6.PurchaseOrderServiceTest" time="0.025"/>
</testsuite>